<?xml version="1.0" encoding="UTF-8"?>
<testsuite xmlns:xsi="http://www.w3.org/2001/XMLSchema-instance" xsi:schemaLocation="https://maven.apache.org/surefire/maven-surefire-plugin/xsd/surefire-test-report.xsd" name="org.apache.commons.cli.OptionGroupTest" time="0.002" tests="13" errors="10" skipped="0" failures="2">
  <properties>
    <property name="java.runtime.name" value="OpenJDK Runtime Environment"/>
    <property name="org.ekstazi.agent.AgentLoaderInitialize" value=""/>
    <property name="sun.boot.library.path" value="/usr/lib/jvm/java-8-openjdk-amd64/jre/lib/amd64"/>
    <property name="java.vm.version" value="25.232-b09"/>
    <property name="java.vm.vendor" value="Private Build"/>
    <property name="maven.multiModuleProjectDirectory" value="/home/gabriele/Documents/workspace/git/misc/commons-cli-1.4-src"/>
    <property name="java.vendor.url" value="http://java.oracle.com/"/>
    <property name="path.separator" value=":"/>
    <property name="guice.disable.misplaced.annotation.check" value="true"/>
    <property name="java.vm.name" value="OpenJDK 64-Bit Server VM"/>
    <property name="file.encoding.pkg" value="sun.io"/>
    <property name="user.country" value="US"/>
    <property name="sun.java.launcher" value="SUN_STANDARD"/>
    <property name="sun.os.patch.level" value="unknown"/>
    <property name="java.vm.specification.name" value="Java Virtual Machine Specification"/>
    <property name="user.dir" value="/home/gabriele/Documents/workspace/git/misc/commons-cli-1.4-src"/>
    <property name="java.runtime.version" value="1.8.0_232-8u232-b09-0ubuntu1~18.04.1-b09"/>
    <property name="java.awt.graphicsenv" value="sun.awt.X11GraphicsEnvironment"/>
    <property name="java.endorsed.dirs" value="/usr/lib/jvm/java-8-openjdk-amd64/jre/lib/endorsed"/>
    <property name="os.arch" value="amd64"/>
    <property name="ekstazi.argline.internal" value="force.all=false,force.failing=false,root.dir=file:/home/gabriele/Documents/workspace/git/misc/commons-cli-1.4-src/.ekstazi/"/>
    <property name="java.io.tmpdir" value="/tmp"/>
    <property name="line.separator" value="&#10;"/>
    <property name="java.vm.specification.vendor" value="Oracle Corporation"/>
    <property name="os.name" value="Linux"/>
    <property name="classworlds.conf" value="/usr/share/maven/bin/m2.conf"/>
    <property name="sun.jnu.encoding" value="UTF-8"/>
    <property name="ekstazi.excludes.internal" value="[]"/>
    <property name="Ekstazi1228025092" value="seen"/>
    <property name="java.library.path" value="/usr/java/packages/lib/amd64:/usr/lib/x86_64-linux-gnu/jni:/lib/x86_64-linux-gnu:/usr/lib/x86_64-linux-gnu:/usr/lib/jni:/lib:/usr/lib"/>
    <property name="maven.conf" value="/usr/share/maven/conf"/>
    <property name="java.specification.name" value="Java Platform API Specification"/>
    <property name="java.class.version" value="52.0"/>
    <property name="sun.management.compiler" value="HotSpot 64-Bit Tiered Compilers"/>
    <property name="os.version" value="4.15.0-74-generic"/>
    <property name="library.jansi.path" value="/usr/share/maven/lib/jansi-native"/>
    <property name="user.home" value="/home/gabriele"/>
    <property name="user.timezone" value="Europe/Rome"/>
    <property name="java.awt.printerjob" value="sun.print.PSPrinterJob"/>
    <property name="java.specification.version" value="1.8"/>
    <property name="file.encoding" value="UTF-8"/>
    <property name="user.name" value="gabriele"/>
    <property name="java.class.path" value="/usr/share/maven/boot/plexus-classworlds-2.x.jar"/>
    <property name="java.vm.specification.version" value="1.8"/>
    <property name="sun.arch.data.model" value="64"/>
    <property name="java.home" value="/usr/lib/jvm/java-8-openjdk-amd64/jre"/>
    <property name="sun.java.command" value="org.codehaus.plexus.classworlds.launcher.Launcher ekstazi:ekstazi"/>
    <property name="java.specification.vendor" value="Oracle Corporation"/>
    <property name="user.language" value="en"/>
    <property name="awt.toolkit" value="sun.awt.X11.XToolkit"/>
    <property name="java.vm.info" value="mixed mode"/>
    <property name="java.version" value="1.8.0_232"/>
    <property name="java.ext.dirs" value="/usr/lib/jvm/java-8-openjdk-amd64/jre/lib/ext:/usr/java/packages/lib/ext"/>
    <property name="securerandom.source" value="file:/dev/./urandom"/>
    <property name="sun.boot.class.path" value="/usr/lib/jvm/java-8-openjdk-amd64/jre/lib/resources.jar:/usr/lib/jvm/java-8-openjdk-amd64/jre/lib/rt.jar:/usr/lib/jvm/java-8-openjdk-amd64/jre/lib/sunrsasign.jar:/usr/lib/jvm/java-8-openjdk-amd64/jre/lib/jsse.jar:/usr/lib/jvm/java-8-openjdk-amd64/jre/lib/jce.jar:/usr/lib/jvm/java-8-openjdk-amd64/jre/lib/charsets.jar:/usr/lib/jvm/java-8-openjdk-amd64/jre/lib/jfr.jar:/usr/lib/jvm/java-8-openjdk-amd64/jre/classes"/>
    <property name="java.vendor" value="Private Build"/>
    <property name="maven.home" value="/usr/share/maven"/>
    <property name="file.separator" value="/"/>
    <property name="java.vendor.url.bug" value="http://bugreport.sun.com/bugreport/"/>
    <property name="sun.cpu.endian" value="little"/>
    <property name="sun.io.unicode.encoding" value="UnicodeLittle"/>
    <property name="sun.cpu.isalist" value=""/>
  </properties>
  <testcase name="testTwoOptionsFromDifferentGroup" classname="org.apache.commons.cli.OptionGroupTest" time="0">
    <error message="Unrecognized option: -f" type="org.apache.commons.cli.UnrecognizedOptionException">org.apache.commons.cli.UnrecognizedOptionException: Unrecognized option: -f
	at org.apache.commons.cli.OptionGroupTest.testTwoOptionsFromDifferentGroup(OptionGroupTest.java:195)
</error>
  </testcase>
  <testcase name="testNoOptionsExtraArgs" classname="org.apache.commons.cli.OptionGroupTest" time="0"/>
  <testcase name="testGetNames" classname="org.apache.commons.cli.OptionGroupTest" time="0.001">
    <failure type="java.lang.AssertionError">java.lang.AssertionError
	at org.apache.commons.cli.OptionGroupTest.testGetNames(OptionGroupTest.java:256)
</failure>
  </testcase>
  <testcase name="testTwoValidOptions" classname="org.apache.commons.cli.OptionGroupTest" time="0">
    <error message="Unrecognized option: -r" type="org.apache.commons.cli.UnrecognizedOptionException">org.apache.commons.cli.UnrecognizedOptionException: Unrecognized option: -r
	at org.apache.commons.cli.OptionGroupTest.testTwoValidOptions(OptionGroupTest.java:99)
</error>
  </testcase>
  <testcase name="testSingleOption" classname="org.apache.commons.cli.OptionGroupTest" time="0">
    <error message="Unrecognized option: -r" type="org.apache.commons.cli.UnrecognizedOptionException">org.apache.commons.cli.UnrecognizedOptionException: Unrecognized option: -r
	at org.apache.commons.cli.OptionGroupTest.testSingleOption(OptionGroupTest.java:84)
</error>
  </testcase>
  <testcase name="testToString" classname="org.apache.commons.cli.OptionGroupTest" time="0">
    <failure message="expected:&lt;[-[-foo Foo, --bar] Bar]&gt; but was:&lt;[-[nullasdf] Bar]&gt;" type="org.junit.ComparisonFailure"><![CDATA[org.junit.ComparisonFailure: expected:<[-[-foo Foo, --bar] Bar]> but was:<[-[nullasdf] Bar]>
	at org.apache.commons.cli.OptionGroupTest.testToString(OptionGroupTest.java:235)
]]></failure>
  </testcase>
  <testcase name="testTwoOptionsFromGroup" classname="org.apache.commons.cli.OptionGroupTest" time="0">
    <error message="Unrecognized option: -f" type="org.apache.commons.cli.UnrecognizedOptionException">org.apache.commons.cli.UnrecognizedOptionException: Unrecognized option: -f
	at org.apache.commons.cli.OptionGroupTest.testTwoOptionsFromGroup(OptionGroupTest.java:161)
</error>
  </testcase>
  <testcase name="testTwoValidLongOptions" classname="org.apache.commons.cli.OptionGroupTest" time="0">
    <error type="java.lang.NullPointerException">java.lang.NullPointerException
	at org.apache.commons.cli.OptionGroupTest.testTwoValidLongOptions(OptionGroupTest.java:129)
</error>
  </testcase>
  <testcase name="testSingleOptionFromGroup" classname="org.apache.commons.cli.OptionGroupTest" time="0">
    <error message="Unrecognized option: -f" type="org.apache.commons.cli.UnrecognizedOptionException">org.apache.commons.cli.UnrecognizedOptionException: Unrecognized option: -f
	at org.apache.commons.cli.OptionGroupTest.testSingleOptionFromGroup(OptionGroupTest.java:69)
</error>
  </testcase>
  <testcase name="testTwoOptionsFromGroupWithProperties" classname="org.apache.commons.cli.OptionGroupTest" time="0">
    <error message="Unrecognized option: -f" type="org.apache.commons.cli.UnrecognizedOptionException">org.apache.commons.cli.UnrecognizedOptionException: Unrecognized option: -f
	at org.apache.commons.cli.OptionGroupTest.testTwoOptionsFromGroupWithProperties(OptionGroupTest.java:212)
</error>
  </testcase>
  <testcase name="testTwoLongOptionsFromGroup" classname="org.apache.commons.cli.OptionGroupTest" time="0">
    <error type="java.lang.NullPointerException">java.lang.NullPointerException
	at org.apache.commons.cli.OptionGroupTest.testTwoLongOptionsFromGroup(OptionGroupTest.java:179)
</error>
  </testcase>
  <testcase name="testSingleLongOption" classname="org.apache.commons.cli.OptionGroupTest" time="0">
    <error type="java.lang.NullPointerException">java.lang.NullPointerException
	at org.apache.commons.cli.OptionGroupTest.testSingleLongOption(OptionGroupTest.java:114)
</error>
  </testcase>
  <testcase name="testValidLongOnlyOptions" classname="org.apache.commons.cli.OptionGroupTest" time="0">
    <error type="java.lang.NullPointerException">java.lang.NullPointerException
	at org.apache.commons.cli.OptionGroupTest.testValidLongOnlyOptions(OptionGroupTest.java:220)
</error>
  </testcase>
</testsuite>